mode: atomic
github.com/peterkuchinov/The-link-shortener-on-Golang/internal/app/app.go:17.12,19.16 2 0
github.com/peterkuchinov/The-link-shortener-on-Golang/internal/app/app.go:19.16,20.56 1 0
github.com/peterkuchinov/The-link-shortener-on-Golang/internal/app/app.go:23.2,31.16 6 0
github.com/peterkuchinov/The-link-shortener-on-Golang/internal/app/app.go:31.16,33.3 1 0
github.com/peterkuchinov/The-link-shortener-on-Golang/internal/app/app.go:34.2,41.39 5 0
github.com/peterkuchinov/The-link-shortener-on-Golang/internal/app/app.go:41.39,43.3 1 0
github.com/peterkuchinov/The-link-shortener-on-Golang/internal/http/middleware.go:20.80,27.34 5 0
github.com/peterkuchinov/The-link-shortener-on-Golang/internal/http/middleware.go:27.34,29.3 1 0
github.com/peterkuchinov/The-link-shortener-on-Golang/internal/http/middleware.go:31.2,38.3 1 0
github.com/peterkuchinov/The-link-shortener-on-Golang/internal/http/middleware.go:41.32,42.88 1 0
github.com/peterkuchinov/The-link-shortener-on-Golang/internal/http/middleware.go:42.88,44.3 1 0
github.com/peterkuchinov/The-link-shortener-on-Golang/internal/http/middleware.go:45.2,45.12 1 0
github.com/peterkuchinov/The-link-shortener-on-Golang/internal/http/middleware.go:48.68,49.30 1 0
github.com/peterkuchinov/The-link-shortener-on-Golang/internal/http/middleware.go:49.30,53.22 3 0
github.com/peterkuchinov/The-link-shortener-on-Golang/internal/http/middleware.go:53.22,55.4 1 0
github.com/peterkuchinov/The-link-shortener-on-Golang/internal/http/middleware.go:57.3,73.4 7 0
github.com/peterkuchinov/The-link-shortener-on-Golang/internal/http/middleware.go:77.28,81.2 3 0
github.com/peterkuchinov/The-link-shortener-on-Golang/internal/logger/logger.go:14.35,17.25 2 0
github.com/peterkuchinov/The-link-shortener-on-Golang/internal/logger/logger.go:17.25,19.3 1 0
github.com/peterkuchinov/The-link-shortener-on-Golang/internal/logger/logger.go:19.8,22.3 2 0
github.com/peterkuchinov/The-link-shortener-on-Golang/internal/logger/logger.go:24.2,25.16 2 0
github.com/peterkuchinov/The-link-shortener-on-Golang/internal/logger/logger.go:25.16,26.55 1 0
github.com/peterkuchinov/The-link-shortener-on-Golang/internal/logger/logger.go:29.2,29.12 1 0
github.com/peterkuchinov/The-link-shortener-on-Golang/internal/logger/logger.go:32.70,34.2 1 0
github.com/peterkuchinov/The-link-shortener-on-Golang/internal/logger/logger.go:36.51,37.55 1 0
github.com/peterkuchinov/The-link-shortener-on-Golang/internal/logger/logger.go:37.55,39.3 1 0
github.com/peterkuchinov/The-link-shortener-on-Golang/internal/logger/logger.go:40.2,40.21 1 0
github.com/peterkuchinov/The-link-shortener-on-Golang/internal/handlers/health.go:12.60,13.32 1 0
github.com/peterkuchinov/The-link-shortener-on-Golang/internal/handlers/health.go:13.32,16.3 2 0
github.com/peterkuchinov/The-link-shortener-on-Golang/internal/handlers/health.go:17.2,22.44 4 0
github.com/peterkuchinov/The-link-shortener-on-Golang/cmd/main.go:5.13,7.2 1 0
github.com/peterkuchinov/The-link-shortener-on-Golang/internal/service/mocks/mock_store.go:32.63,36.2 3 0
github.com/peterkuchinov/The-link-shortener-on-Golang/internal/service/mocks/mock_store.go:39.61,41.2 1 0
github.com/peterkuchinov/The-link-shortener-on-Golang/internal/service/mocks/mock_store.go:44.79,50.2 5 0
github.com/peterkuchinov/The-link-shortener-on-Golang/internal/service/mocks/mock_store.go:53.70,56.2 2 0
github.com/peterkuchinov/The-link-shortener-on-Golang/internal/service/mocks/mock_store.go:59.75,64.2 4 0
github.com/peterkuchinov/The-link-shortener-on-Golang/internal/service/mocks/mock_store.go:67.76,70.2 2 0
github.com/peterkuchinov/The-link-shortener-on-Golang/internal/utils/config/config.go:17.36,22.45 3 0
github.com/peterkuchinov/The-link-shortener-on-Golang/internal/utils/config/config.go:22.45,24.3 1 0
github.com/peterkuchinov/The-link-shortener-on-Golang/internal/utils/config/config.go:26.2,27.46 2 0
github.com/peterkuchinov/The-link-shortener-on-Golang/internal/utils/config/config.go:27.46,29.3 1 0
github.com/peterkuchinov/The-link-shortener-on-Golang/internal/utils/config/config.go:31.2,32.46 2 0
github.com/peterkuchinov/The-link-shortener-on-Golang/internal/utils/config/config.go:32.46,34.3 1 0
github.com/peterkuchinov/The-link-shortener-on-Golang/internal/utils/config/config.go:36.2,36.18 1 0
github.com/peterkuchinov/The-link-shortener-on-Golang/internal/store/store/store.go:7.41,10.2 2 0
github.com/peterkuchinov/The-link-shortener-on-Golang/internal/store/postgres.go:18.58,20.2 1 0
github.com/peterkuchinov/The-link-shortener-on-Golang/internal/store/postgres.go:22.83,26.16 3 0
github.com/peterkuchinov/The-link-shortener-on-Golang/internal/store/postgres.go:26.16,28.3 1 0
github.com/peterkuchinov/The-link-shortener-on-Golang/internal/store/postgres.go:29.2,29.12 1 0
github.com/peterkuchinov/The-link-shortener-on-Golang/internal/store/postgres.go:32.86,37.16 4 0
github.com/peterkuchinov/The-link-shortener-on-Golang/internal/store/postgres.go:37.16,38.36 1 0
github.com/peterkuchinov/The-link-shortener-on-Golang/internal/store/postgres.go:38.36,40.4 1 0
github.com/peterkuchinov/The-link-shortener-on-Golang/internal/store/postgres.go:41.3,41.60 1 0
github.com/peterkuchinov/The-link-shortener-on-Golang/internal/store/postgres.go:43.2,43.25 1 0
github.com/peterkuchinov/The-link-shortener-on-Golang/internal/utils/util.go:10.53,13.30 3 0
github.com/peterkuchinov/The-link-shortener-on-Golang/internal/utils/util.go:13.30,15.17 2 0
github.com/peterkuchinov/The-link-shortener-on-Golang/internal/utils/util.go:15.17,17.4 1 0
github.com/peterkuchinov/The-link-shortener-on-Golang/internal/utils/util.go:18.3,18.29 1 0
github.com/peterkuchinov/The-link-shortener-on-Golang/internal/utils/util.go:20.2,20.25 1 0
github.com/peterkuchinov/The-link-shortener-on-Golang/internal/service/link.go:24.51,26.2 1 4
github.com/peterkuchinov/The-link-shortener-on-Golang/internal/service/link.go:28.92,31.19 2 4
github.com/peterkuchinov/The-link-shortener-on-Golang/internal/service/link.go:31.19,32.46 1 4
github.com/peterkuchinov/The-link-shortener-on-Golang/internal/service/link.go:32.46,34.10 1 1
github.com/peterkuchinov/The-link-shortener-on-Golang/internal/service/link.go:36.9,37.23 2 3
github.com/peterkuchinov/The-link-shortener-on-Golang/internal/service/link.go:37.23,39.10 1 1
github.com/peterkuchinov/The-link-shortener-on-Golang/internal/service/link.go:41.9,41.27 1 2
github.com/peterkuchinov/The-link-shortener-on-Golang/internal/service/link.go:41.27,43.10 1 1
github.com/peterkuchinov/The-link-shortener-on-Golang/internal/service/link.go:44.11,47.23 3 0
github.com/peterkuchinov/The-link-shortener-on-Golang/internal/service/link.go:47.23,49.10 1 0
github.com/peterkuchinov/The-link-shortener-on-Golang/internal/service/link.go:52.5,52.56 1 1
github.com/peterkuchinov/The-link-shortener-on-Golang/internal/service/link.go:52.56,54.6 1 0
github.com/peterkuchinov/The-link-shortener-on-Golang/internal/service/link.go:56.5,56.21 1 1
