mode: atomic
github.com/peterkuchinov/The-link-shortener-on-Golang/internal/service/click.go:15.37,16.32 1 0
github.com/peterkuchinov/The-link-shortener-on-Golang/internal/service/click.go:16.32,22.17 5 0
github.com/peterkuchinov/The-link-shortener-on-Golang/internal/service/click.go:22.17,27.12 2 0
github.com/peterkuchinov/The-link-shortener-on-Golang/internal/service/click.go:30.3,32.4 1 0
github.com/peterkuchinov/The-link-shortener-on-Golang/internal/service/click.go:36.73,41.2 1 0
github.com/peterkuchinov/The-link-shortener-on-Golang/internal/service/link.go:26.51,35.35 4 0
github.com/peterkuchinov/The-link-shortener-on-Golang/internal/service/link.go:35.35,37.3 1 0
github.com/peterkuchinov/The-link-shortener-on-Golang/internal/service/link.go:39.2,39.10 1 0
github.com/peterkuchinov/The-link-shortener-on-Golang/internal/service/link.go:42.92,45.16 2 0
github.com/peterkuchinov/The-link-shortener-on-Golang/internal/service/link.go:45.16,46.40 1 0
github.com/peterkuchinov/The-link-shortener-on-Golang/internal/service/link.go:46.40,48.4 1 0
github.com/peterkuchinov/The-link-shortener-on-Golang/internal/service/link.go:50.3,51.17 2 0
github.com/peterkuchinov/The-link-shortener-on-Golang/internal/service/link.go:51.17,52.45 1 0
github.com/peterkuchinov/The-link-shortener-on-Golang/internal/service/link.go:52.45,54.5 1 0
github.com/peterkuchinov/The-link-shortener-on-Golang/internal/service/link.go:55.9,57.4 1 0
github.com/peterkuchinov/The-link-shortener-on-Golang/internal/service/link.go:58.8,61.17 3 0
github.com/peterkuchinov/The-link-shortener-on-Golang/internal/service/link.go:61.17,63.4 1 0
github.com/peterkuchinov/The-link-shortener-on-Golang/internal/service/link.go:66.2,66.53 1 0
github.com/peterkuchinov/The-link-shortener-on-Golang/internal/service/link.go:66.53,68.3 1 0
github.com/peterkuchinov/The-link-shortener-on-Golang/internal/service/link.go:70.2,70.18 1 0
github.com/peterkuchinov/The-link-shortener-on-Golang/internal/service/link.go:73.88,75.16 2 0
github.com/peterkuchinov/The-link-shortener-on-Golang/internal/service/link.go:75.16,77.3 1 0
github.com/peterkuchinov/The-link-shortener-on-Golang/internal/service/link.go:79.2,81.17 2 0
github.com/peterkuchinov/The-link-shortener-on-Golang/internal/store/postgres.go:18.58,20.2 1 0
github.com/peterkuchinov/The-link-shortener-on-Golang/internal/store/postgres.go:22.83,26.16 3 0
github.com/peterkuchinov/The-link-shortener-on-Golang/internal/store/postgres.go:26.16,28.3 1 0
github.com/peterkuchinov/The-link-shortener-on-Golang/internal/store/postgres.go:29.2,29.12 1 0
github.com/peterkuchinov/The-link-shortener-on-Golang/internal/store/postgres.go:32.80,37.16 4 0
github.com/peterkuchinov/The-link-shortener-on-Golang/internal/store/postgres.go:37.16,38.36 1 0
github.com/peterkuchinov/The-link-shortener-on-Golang/internal/store/postgres.go:38.36,40.4 1 0
github.com/peterkuchinov/The-link-shortener-on-Golang/internal/store/postgres.go:41.3,41.17 1 0
github.com/peterkuchinov/The-link-shortener-on-Golang/internal/store/postgres.go:43.2,43.25 1 0
github.com/peterkuchinov/The-link-shortener-on-Golang/internal/store/postgres.go:46.82,49.16 3 0
github.com/peterkuchinov/The-link-shortener-on-Golang/internal/store/postgres.go:49.16,51.3 1 0
github.com/peterkuchinov/The-link-shortener-on-Golang/internal/store/postgres.go:52.2,52.12 1 0
github.com/peterkuchinov/The-link-shortener-on-Golang/internal/utils/config/config.go:21.36,26.45 4 0
github.com/peterkuchinov/The-link-shortener-on-Golang/internal/utils/config/config.go:26.45,28.67 2 0
github.com/peterkuchinov/The-link-shortener-on-Golang/internal/utils/config/config.go:28.67,30.4 1 0
github.com/peterkuchinov/The-link-shortener-on-Golang/internal/utils/config/config.go:30.9,32.4 1 0
github.com/peterkuchinov/The-link-shortener-on-Golang/internal/utils/config/config.go:35.2,42.46 6 0
github.com/peterkuchinov/The-link-shortener-on-Golang/internal/utils/config/config.go:42.46,44.3 1 0
github.com/peterkuchinov/The-link-shortener-on-Golang/internal/utils/config/config.go:46.2,47.46 2 0
github.com/peterkuchinov/The-link-shortener-on-Golang/internal/utils/config/config.go:47.46,49.3 1 0
github.com/peterkuchinov/The-link-shortener-on-Golang/internal/utils/config/config.go:51.2,51.18 1 0
github.com/peterkuchinov/The-link-shortener-on-Golang/internal/app/app.go:25.26,27.16 2 0
github.com/peterkuchinov/The-link-shortener-on-Golang/internal/app/app.go:27.16,29.3 1 0
github.com/peterkuchinov/The-link-shortener-on-Golang/internal/app/app.go:31.2,32.16 2 0
github.com/peterkuchinov/The-link-shortener-on-Golang/internal/app/app.go:32.16,34.3 1 0
github.com/peterkuchinov/The-link-shortener-on-Golang/internal/app/app.go:36.2,45.16 5 0
github.com/peterkuchinov/The-link-shortener-on-Golang/internal/app/app.go:45.16,47.3 1 0
github.com/peterkuchinov/The-link-shortener-on-Golang/internal/app/app.go:49.2,49.41 1 0
github.com/peterkuchinov/The-link-shortener-on-Golang/internal/app/app.go:49.41,52.3 2 0
github.com/peterkuchinov/The-link-shortener-on-Golang/internal/app/app.go:54.2,68.8 4 0
github.com/peterkuchinov/The-link-shortener-on-Golang/internal/app/run.go:13.27,14.12 1 0
github.com/peterkuchinov/The-link-shortener-on-Golang/internal/app/run.go:14.12,15.42 1 0
github.com/peterkuchinov/The-link-shortener-on-Golang/internal/app/run.go:15.42,20.4 1 0
github.com/peterkuchinov/The-link-shortener-on-Golang/internal/app/run.go:23.2,42.32 8 0
github.com/peterkuchinov/The-link-shortener-on-Golang/internal/app/shutdown.go:9.51,12.47 2 0
github.com/peterkuchinov/The-link-shortener-on-Golang/internal/app/shutdown.go:12.47,15.3 2 0
github.com/peterkuchinov/The-link-shortener-on-Golang/internal/app/shutdown.go:17.2,22.12 4 0
github.com/peterkuchinov/The-link-shortener-on-Golang/internal/http/server.go:22.54,24.2 1 0
github.com/peterkuchinov/The-link-shortener-on-Golang/internal/http/server.go:26.96,33.34 5 0
github.com/peterkuchinov/The-link-shortener-on-Golang/internal/http/server.go:33.34,35.3 1 0
github.com/peterkuchinov/The-link-shortener-on-Golang/internal/http/server.go:37.2,37.42 1 0
github.com/peterkuchinov/The-link-shortener-on-Golang/internal/http/server.go:37.42,43.48 2 0
github.com/peterkuchinov/The-link-shortener-on-Golang/internal/http/server.go:43.48,46.4 2 0
github.com/peterkuchinov/The-link-shortener-on-Golang/internal/http/server.go:48.3,49.17 2 0
github.com/peterkuchinov/The-link-shortener-on-Golang/internal/http/server.go:49.17,52.4 2 0
github.com/peterkuchinov/The-link-shortener-on-Golang/internal/http/server.go:54.3,57.5 1 0
github.com/peterkuchinov/The-link-shortener-on-Golang/internal/http/server.go:60.2,60.39 1 0
github.com/peterkuchinov/The-link-shortener-on-Golang/internal/http/server.go:60.39,62.42 2 0
github.com/peterkuchinov/The-link-shortener-on-Golang/internal/http/server.go:62.42,65.4 2 0
github.com/peterkuchinov/The-link-shortener-on-Golang/internal/http/server.go:67.3,68.17 2 0
github.com/peterkuchinov/The-link-shortener-on-Golang/internal/http/server.go:68.17,71.4 2 0
github.com/peterkuchinov/The-link-shortener-on-Golang/internal/http/server.go:73.3,73.56 1 0
github.com/peterkuchinov/The-link-shortener-on-Golang/internal/http/server.go:76.2,83.3 1 0
github.com/peterkuchinov/The-link-shortener-on-Golang/internal/http/server.go:86.32,87.88 1 0
github.com/peterkuchinov/The-link-shortener-on-Golang/internal/http/server.go:87.88,89.3 1 0
github.com/peterkuchinov/The-link-shortener-on-Golang/internal/http/server.go:90.2,90.12 1 0
github.com/peterkuchinov/The-link-shortener-on-Golang/internal/http/server.go:93.68,94.30 1 0
github.com/peterkuchinov/The-link-shortener-on-Golang/internal/http/server.go:94.30,98.22 3 0
github.com/peterkuchinov/The-link-shortener-on-Golang/internal/http/server.go:98.22,100.4 1 0
github.com/peterkuchinov/The-link-shortener-on-Golang/internal/http/server.go:102.3,118.4 7 0
github.com/peterkuchinov/The-link-shortener-on-Golang/internal/http/server.go:122.28,126.2 3 0
github.com/peterkuchinov/The-link-shortener-on-Golang/internal/http/server.go:132.43,133.16 1 0
github.com/peterkuchinov/The-link-shortener-on-Golang/internal/http/server.go:133.16,135.3 1 0
github.com/peterkuchinov/The-link-shortener-on-Golang/internal/http/server.go:137.2,139.42 2 0
github.com/peterkuchinov/The-link-shortener-on-Golang/internal/http/server.go:139.42,142.3 2 0
github.com/peterkuchinov/The-link-shortener-on-Golang/internal/http/server.go:144.2,144.51 1 0
github.com/peterkuchinov/The-link-shortener-on-Golang/internal/http/server.go:144.51,147.3 2 0
github.com/peterkuchinov/The-link-shortener-on-Golang/internal/http/server.go:149.2,149.51 1 0
github.com/peterkuchinov/The-link-shortener-on-Golang/internal/http/server.go:149.51,152.3 2 0
github.com/peterkuchinov/The-link-shortener-on-Golang/internal/http/server.go:154.2,156.99 2 0
github.com/peterkuchinov/The-link-shortener-on-Golang/internal/utils/util.go:10.53,13.30 3 0
github.com/peterkuchinov/The-link-shortener-on-Golang/internal/utils/util.go:13.30,15.17 2 0
github.com/peterkuchinov/The-link-shortener-on-Golang/internal/utils/util.go:15.17,17.4 1 0
github.com/peterkuchinov/The-link-shortener-on-Golang/internal/utils/util.go:18.3,18.29 1 0
github.com/peterkuchinov/The-link-shortener-on-Golang/internal/utils/util.go:20.2,20.25 1 0
github.com/peterkuchinov/The-link-shortener-on-Golang/internal/service/mocks/mock_store.go:32.63,36.2 3 0
github.com/peterkuchinov/The-link-shortener-on-Golang/internal/service/mocks/mock_store.go:39.61,41.2 1 0
github.com/peterkuchinov/The-link-shortener-on-Golang/internal/service/mocks/mock_store.go:44.79,50.2 5 0
github.com/peterkuchinov/The-link-shortener-on-Golang/internal/service/mocks/mock_store.go:53.70,56.2 2 0
github.com/peterkuchinov/The-link-shortener-on-Golang/internal/service/mocks/mock_store.go:59.81,64.2 4 0
github.com/peterkuchinov/The-link-shortener-on-Golang/internal/service/mocks/mock_store.go:67.82,70.2 2 0
github.com/peterkuchinov/The-link-shortener-on-Golang/internal/service/mocks/mock_store.go:73.75,78.2 4 0
github.com/peterkuchinov/The-link-shortener-on-Golang/internal/service/mocks/mock_store.go:81.76,84.2 2 0
github.com/peterkuchinov/The-link-shortener-on-Golang/internal/apperror/error.go:17.35,19.2 1 0
github.com/peterkuchinov/The-link-shortener-on-Golang/cmd/main.go:9.13,11.16 2 0
github.com/peterkuchinov/The-link-shortener-on-Golang/cmd/main.go:11.16,13.3 1 0
github.com/peterkuchinov/The-link-shortener-on-Golang/cmd/main.go:15.2,15.42 1 0
github.com/peterkuchinov/The-link-shortener-on-Golang/cmd/main.go:15.42,17.3 1 0
github.com/peterkuchinov/The-link-shortener-on-Golang/internal/logger/logger.go:13.44,16.19 2 0
github.com/peterkuchinov/The-link-shortener-on-Golang/internal/logger/logger.go:16.19,18.3 1 0
github.com/peterkuchinov/The-link-shortener-on-Golang/internal/logger/logger.go:18.8,20.3 1 0
github.com/peterkuchinov/The-link-shortener-on-Golang/internal/logger/logger.go:22.2,22.20 1 0
github.com/peterkuchinov/The-link-shortener-on-Golang/internal/logger/logger.go:25.70,27.2 1 0
github.com/peterkuchinov/The-link-shortener-on-Golang/internal/logger/logger.go:29.51,30.55 1 0
github.com/peterkuchinov/The-link-shortener-on-Golang/internal/logger/logger.go:30.55,32.3 1 0
github.com/peterkuchinov/The-link-shortener-on-Golang/internal/logger/logger.go:33.2,33.21 1 0
